<?xml version="1.0" encoding="UTF-8"?>
<!-- Generated by org.testng.reporters.JUnitReportReporter -->
<testsuite hostname="DESKTOP-FTH3G5N" failures="0" tests="1" name="operationAboutUser.UserOperation" time="2.713" errors="0" timestamp="2023-05-29T09:36:51 BDT" skipped="0">
  <testcase classname="operationAboutUser.UserOperation" name="getUserByUserName" time="2.713"/>
  <system-out/>
</testsuite> <!-- operationAboutUser.UserOperation -->
