<?xml version="1.0" encoding="UTF-8"?>
<!-- Generated by org.testng.reporters.JUnitReportReporter -->
<testsuite hostname="DESKTOP-FTH3G5N" failures="0" tests="1" name="operationAboutUserMay26.UserOperationMay26" time="2.560" errors="0" timestamp="2023-05-26T12:47:33 BDT" skipped="0">
  <testcase classname="operationAboutUserMay26.UserOperationMay26" name="createAnUser" time="2.560"/>
  <system-out/>
</testsuite> <!-- operationAboutUserMay26.UserOperationMay26 -->
