<?xml version="1.0" encoding="UTF-8"?>
<!-- Generated by org.testng.reporters.JUnitReportReporter -->
<testsuite hostname="DESKTOP-FTH3G5N" failures="0" tests="1" name="practice2May26.UserOperationMay26_2" time="2.616" errors="0" timestamp="2023-05-26T11:58:17 BDT" skipped="0">
  <testcase classname="practice2May26.UserOperationMay26_2" name="createAnUser" time="2.616"/>
  <system-out/>
</testsuite> <!-- practice2May26.UserOperationMay26_2 -->
