<?xml version="1.0" encoding="UTF-8"?>
<!-- Generated by org.testng.reporters.JUnitReportReporter -->
<testsuite hostname="DESKTOP-FTH3G5N" failures="0" tests="1" name="operationAboutUserTutorialPractice.UserOperations" time="2.631" errors="0" timestamp="2023-05-26T10:19:57 BDT" skipped="0">
  <testcase classname="operationAboutUserTutorialPractice.UserOperations" name="createAnUser" time="2.631"/>
  <system-out/>
</testsuite> <!-- operationAboutUserTutorialPractice.UserOperations -->
