<?xml version="1.0" encoding="UTF-8"?>
<!-- Generated by org.testng.reporters.JUnitReportReporter -->
<testsuite hostname="DESKTOP-FTH3G5N" failures="0" tests="1" name="operationAboutUser3May26.UserOperationMay26_3" time="2.615" errors="0" timestamp="2023-05-26T13:04:07 BDT" skipped="0">
  <testcase classname="operationAboutUser3May26.UserOperationMay26_3" name="createAnUser" time="2.615"/>
  <system-out/>
</testsuite> <!-- operationAboutUser3May26.UserOperationMay26_3 -->
