<?xml version="1.0" encoding="UTF-8"?>
<!-- Generated by org.testng.reporters.JUnitReportReporter -->
<testsuite hostname="DESKTOP-FTH3G5N" failures="0" tests="1" name="operationAboutUser.UserOperation" time="2.576" errors="0" timestamp="2023-05-26T13:14:24 BDT" skipped="0">
  <testcase classname="operationAboutUser.UserOperation" name="createAnUser" time="2.576"/>
  <system-out/>
</testsuite> <!-- operationAboutUser.UserOperation -->
