<?xml version="1.0" encoding="UTF-8"?>
<!-- Generated by org.testng.reporters.JUnitReportReporter -->
<testsuite hostname="DESKTOP-FTH3G5N" failures="0" tests="1" name="operationAboutUserPracticeMay25.UserOperation" time="2.632" errors="0" timestamp="2023-05-25T13:37:59 BDT" skipped="0">
  <testcase classname="operationAboutUserPracticeMay25.UserOperation" name="createAnuser" time="2.632"/>
  <system-out/>
</testsuite> <!-- operationAboutUserPracticeMay25.UserOperation -->
